Determining if the pthread_create exist failed with the following output:
Change Dir: /home/nvidia/Venkat/Optical_Flow_CPU/build/CMakeFiles/CMakeTmp

Run Build Command:"/usr/bin/make" "cmTC_3e56e/fast"
/usr/bin/make -f CMakeFiles/cmTC_3e56e.dir/build.make CMakeFiles/cmTC_3e56e.dir/build
make[1]: Entering directory '/home/nvidia/Venkat/Optical_Flow_CPU/build/CMakeFiles/CMakeTmp'
Building C object CMakeFiles/cmTC_3e56e.dir/CheckSymbolExists.c.o
/usr/bin/cc   -fPIC    -o CMakeFiles/cmTC_3e56e.dir/CheckSymbolExists.c.o   -c /home/nvidia/Venkat/Optical_Flow_CPU/build/CMakeFiles/CMakeTmp/CheckSymbolExists.c
Linking C executable cmTC_3e56e
/usr/bin/cmake -E cmake_link_script CMakeFiles/cmTC_3e56e.dir/link.txt --verbose=1
/usr/bin/cc -fPIC     -rdynamic CMakeFiles/cmTC_3e56e.dir/CheckSymbolExists.c.o  -o cmTC_3e56e 
CMakeFiles/cmTC_3e56e.dir/CheckSymbolExists.c.o: In function `main':
CheckSymbolExists.c:(.text+0x14): undefined reference to `pthread_create'
CheckSymbolExists.c:(.text+0x18): undefined reference to `pthread_create'
collect2: error: ld returned 1 exit status
CMakeFiles/cmTC_3e56e.dir/build.make:97: recipe for target 'cmTC_3e56e' failed
make[1]: *** [cmTC_3e56e] Error 1
make[1]: Leaving directory '/home/nvidia/Venkat/Optical_Flow_CPU/build/CMakeFiles/CMakeTmp'
Makefile:126: recipe for target 'cmTC_3e56e/fast' failed
make: *** [cmTC_3e56e/fast] Error 2

File /home/nvidia/Venkat/Optical_Flow_CPU/build/CMakeFiles/CMakeTmp/CheckSymbolExists.c:
/* */
#include <pthread.h>

int main(int argc, char** argv)
{
  (void)argv;
#ifndef pthread_create
  return ((int*)(&pthread_create))[argc];
#else
  (void)argc;
  return 0;
#endif
}

Determining if the function pthread_create exists in the pthreads failed with the following output:
Change Dir: /home/nvidia/Venkat/Optical_Flow_CPU/build/CMakeFiles/CMakeTmp

Run Build Command:"/usr/bin/make" "cmTC_fee5e/fast"
/usr/bin/make -f CMakeFiles/cmTC_fee5e.dir/build.make CMakeFiles/cmTC_fee5e.dir/build
make[1]: Entering directory '/home/nvidia/Venkat/Optical_Flow_CPU/build/CMakeFiles/CMakeTmp'
Building C object CMakeFiles/cmTC_fee5e.dir/CheckFunctionExists.c.o
/usr/bin/cc   -fPIC -DCHECK_FUNCTION_EXISTS=pthread_create   -o CMakeFiles/cmTC_fee5e.dir/CheckFunctionExists.c.o   -c /usr/share/cmake-3.10/Modules/CheckFunctionExists.c
Linking C executable cmTC_fee5e
/usr/bin/cmake -E cmake_link_script CMakeFiles/cmTC_fee5e.dir/link.txt --verbose=1
/usr/bin/cc -fPIC -DCHECK_FUNCTION_EXISTS=pthread_create    -rdynamic CMakeFiles/cmTC_fee5e.dir/CheckFunctionExists.c.o  -o cmTC_fee5e -lpthreads 
/usr/bin/ld: cannot find -lpthreads
collect2: error: ld returned 1 exit status
CMakeFiles/cmTC_fee5e.dir/build.make:97: recipe for target 'cmTC_fee5e' failed
make[1]: *** [cmTC_fee5e] Error 1
make[1]: Leaving directory '/home/nvidia/Venkat/Optical_Flow_CPU/build/CMakeFiles/CMakeTmp'
Makefile:126: recipe for target 'cmTC_fee5e/fast' failed
make: *** [cmTC_fee5e/fast] Error 2


